Determining if the system is big endian passed with the following output:
Change Dir: /home/badimsibox/hackrf/host/build/CMakeFiles/CMakeTmp

Run Build Command:/usr/bin/make "cmTryCompileExec3553796686/fast"
/usr/bin/make -f CMakeFiles/cmTryCompileExec3553796686.dir/build.make CMakeFiles/cmTryCompileExec3553796686.dir/build
make[1]: Entering directory `/home/badimsibox/hackrf/host/build/CMakeFiles/CMakeTmp'
/usr/bin/cmake -E cmake_progress_report /home/badimsibox/hackrf/host/build/CMakeFiles/CMakeTmp/CMakeFiles 1
Building C object CMakeFiles/cmTryCompileExec3553796686.dir/TestEndianess.c.o
/usr/bin/cc   -std=gnu90    -o CMakeFiles/cmTryCompileExec3553796686.dir/TestEndianess.c.o   -c /home/badimsibox/hackrf/host/build/CMakeFiles/CMakeTmp/TestEndianess.c
Linking C executable cmTryCompileExec3553796686
/usr/bin/cmake -E cmake_link_script CMakeFiles/cmTryCompileExec3553796686.dir/link.txt --verbose=1
/usr/bin/cc   -std=gnu90     CMakeFiles/cmTryCompileExec3553796686.dir/TestEndianess.c.o  -o cmTryCompileExec3553796686 -rdynamic 
make[1]: Leaving directory `/home/badimsibox/hackrf/host/build/CMakeFiles/CMakeTmp'

TestEndianess.c:
/* A 16 bit integer is required. */
typedef unsigned short cmakeint16;

/* On a little endian machine, these 16bit ints will give "THIS IS LITTLE ENDIAN."
   On a big endian machine the characters will be exchanged pairwise. */
const cmakeint16 info_little[] =  {0x4854, 0x5349, 0x4920, 0x2053, 0x494c, 0x5454, 0x454c, 0x4520, 0x444e, 0x4149, 0x2e4e, 0x0000};

/* on a big endian machine, these 16bit ints will give "THIS IS BIG ENDIAN."
   On a little endian machine the characters will be exchanged pairwise. */
const cmakeint16 info_big[] =     {0x5448, 0x4953, 0x2049, 0x5320, 0x4249, 0x4720, 0x454e, 0x4449, 0x414e, 0x2e2e, 0x0000};

#ifdef __CLASSIC_C__
int main(argc, argv) int argc; char *argv[];
#else
int main(int argc, char *argv[])
#endif
{
  int require = 0;
  require += info_little[argc];
  require += info_big[argc];
  (void)argv;
  return require;
}


Determining if the function pthread_create exists in the pthreads failed with the following output:
Change Dir: /home/badimsibox/hackrf/host/build/CMakeFiles/CMakeTmp

Run Build Command:/usr/bin/make "cmTryCompileExec1477781407/fast"
/usr/bin/make -f CMakeFiles/cmTryCompileExec1477781407.dir/build.make CMakeFiles/cmTryCompileExec1477781407.dir/build
make[1]: Entering directory `/home/badimsibox/hackrf/host/build/CMakeFiles/CMakeTmp'
/usr/bin/cmake -E cmake_progress_report /home/badimsibox/hackrf/host/build/CMakeFiles/CMakeTmp/CMakeFiles 1
Building C object CMakeFiles/cmTryCompileExec1477781407.dir/CheckFunctionExists.c.o
/usr/bin/cc   -std=gnu90 -DCHECK_FUNCTION_EXISTS=pthread_create   -o CMakeFiles/cmTryCompileExec1477781407.dir/CheckFunctionExists.c.o   -c /usr/share/cmake-2.8/Modules/CheckFunctionExists.c
Linking C executable cmTryCompileExec1477781407
/usr/bin/cmake -E cmake_link_script CMakeFiles/cmTryCompileExec1477781407.dir/link.txt --verbose=1
/usr/bin/cc   -std=gnu90 -DCHECK_FUNCTION_EXISTS=pthread_create    CMakeFiles/cmTryCompileExec1477781407.dir/CheckFunctionExists.c.o  -o cmTryCompileExec1477781407 -rdynamic -lpthreads 
make[1]: Leaving directory `/home/badimsibox/hackrf/host/build/CMakeFiles/CMakeTmp'
/usr/bin/ld: cannot find -lpthreads
collect2: error: ld returned 1 exit status
make[1]: *** [cmTryCompileExec1477781407] Error 1
make: *** [cmTryCompileExec1477781407/fast] Error 2


